Traceback (most recent call last):
  File "/Users/patrickwalls/anaconda3/envs/jb/lib/python3.10/site-packages/jupyter_cache/executors/utils.py", line 58, in single_nb_execution
    executenb(
  File "/Users/patrickwalls/anaconda3/envs/jb/lib/python3.10/site-packages/nbclient/client.py", line 1305, in execute
    return NotebookClient(nb=nb, resources=resources, km=km, **kwargs).execute()
  File "/Users/patrickwalls/anaconda3/envs/jb/lib/python3.10/site-packages/jupyter_core/utils/__init__.py", line 166, in wrapped
    return loop.run_until_complete(inner)
  File "/Users/patrickwalls/anaconda3/envs/jb/lib/python3.10/asyncio/base_events.py", line 649, in run_until_complete
    return future.result()
  File "/Users/patrickwalls/anaconda3/envs/jb/lib/python3.10/site-packages/nbclient/client.py", line 705, in async_execute
    await self.async_execute_cell(
  File "/Users/patrickwalls/anaconda3/envs/jb/lib/python3.10/site-packages/nbclient/client.py", line 1058, in async_execute_cell
    await self._check_raise_for_error(cell, cell_index, exec_reply)
  File "/Users/patrickwalls/anaconda3/envs/jb/lib/python3.10/site-packages/nbclient/client.py", line 914, in _check_raise_for_error
    raise CellExecutionError.from_cell_and_msg(cell, exec_reply_content)
nbclient.exceptions.CellExecutionError: An error occurred while executing the following cell:
------------------
nframes = 100
tstep = K//nframes
x = np.linspace(0,L,N+1)

fig,ax = plt.subplots()
line, = plt.plot([],[])
ax.set_xlim(-0.1,L+0.1)
ax.set_ylim(-2.2,2.2)
ax.grid(True)
update = lambda k: line.set_data(x,U[:,k*tstep])

ani = FuncAnimation(fig,update,frames=nframes,interval=1000*tf/nframes)
plt.close()

HTML(ani.to_html5_video())
------------------


[0;31m---------------------------------------------------------------------------[0m
[0;31mRuntimeError[0m                              Traceback (most recent call last)
Cell [0;32mIn[5], line 15[0m
[1;32m     12[0m ani [38;5;241m=[39m FuncAnimation(fig,update,frames[38;5;241m=[39mnframes,interval[38;5;241m=[39m[38;5;241m1000[39m[38;5;241m*[39mtf[38;5;241m/[39mnframes)
[1;32m     13[0m plt[38;5;241m.[39mclose()
[0;32m---> 15[0m HTML([43mani[49m[38;5;241;43m.[39;49m[43mto_html5_video[49m[43m([49m[43m)[49m)

File [0;32m~/anaconda3/envs/jb/lib/python3.10/site-packages/matplotlib/animation.py:1284[0m, in [0;36mAnimation.to_html5_video[0;34m(self, embed_limit)[0m
[1;32m   1281[0m path [38;5;241m=[39m Path(tmpdir, [38;5;124m"[39m[38;5;124mtemp.m4v[39m[38;5;124m"[39m)
[1;32m   1282[0m [38;5;66;03m# We create a writer manually so that we can get the[39;00m
[1;32m   1283[0m [38;5;66;03m# appropriate size for the tag[39;00m
[0;32m-> 1284[0m Writer [38;5;241m=[39m [43mwriters[49m[43m[[49m[43mmpl[49m[38;5;241;43m.[39;49m[43mrcParams[49m[43m[[49m[38;5;124;43m'[39;49m[38;5;124;43manimation.writer[39;49m[38;5;124;43m'[39;49m[43m][49m[43m][49m
[1;32m   1285[0m writer [38;5;241m=[39m Writer(codec[38;5;241m=[39m[38;5;124m'[39m[38;5;124mh264[39m[38;5;124m'[39m,
[1;32m   1286[0m                 bitrate[38;5;241m=[39mmpl[38;5;241m.[39mrcParams[[38;5;124m'[39m[38;5;124manimation.bitrate[39m[38;5;124m'[39m],
[1;32m   1287[0m                 fps[38;5;241m=[39m[38;5;241m1000.[39m [38;5;241m/[39m [38;5;28mself[39m[38;5;241m.[39m_interval)
[1;32m   1288[0m [38;5;28mself[39m[38;5;241m.[39msave([38;5;28mstr[39m(path), writer[38;5;241m=[39mwriter)

File [0;32m~/anaconda3/envs/jb/lib/python3.10/site-packages/matplotlib/animation.py:148[0m, in [0;36mMovieWriterRegistry.__getitem__[0;34m(self, name)[0m
[1;32m    146[0m [38;5;28;01mif[39;00m [38;5;28mself[39m[38;5;241m.[39mis_available(name):
[1;32m    147[0m     [38;5;28;01mreturn[39;00m [38;5;28mself[39m[38;5;241m.[39m_registered[name]
[0;32m--> 148[0m [38;5;28;01mraise[39;00m [38;5;167;01mRuntimeError[39;00m([38;5;124mf[39m[38;5;124m"[39m[38;5;124mRequested MovieWriter ([39m[38;5;132;01m{[39;00mname[38;5;132;01m}[39;00m[38;5;124m) not available[39m[38;5;124m"[39m)

[0;31mRuntimeError[0m: Requested MovieWriter (ffmpeg) not available

